<?xml version="1.0" encoding="UTF-8"?>
<!-- Generated by org.testng.reporters.JUnitXMLReporter -->
<testsuite hostname="Swapnas-MacBook-Pro.local" ignored="0" tests="2" failures="1" timestamp="12 Jul 2020 13:10:16 GMT" time="0.068" errors="0">
  <testcase name="@AfterClass afterClass" time="0.001" classname="CarRegistrationDetailsTest">
    <failure type="java.lang.NullPointerException">
      <![CDATA[java.lang.NullPointerException
at CarRegistrationDetailsTest.afterClass(CarRegistrationDetailsTest.java:62)
... Removed 26 stack frames]]>
    </failure>
  </testcase> <!-- @AfterClass afterClass -->
  <testcase name="freeCarCheck" time="0.009" classname="CarRegistrationDetailsTest">
    <failure type="java.lang.NullPointerException">
      <![CDATA[java.lang.NullPointerException
at CarRegistrationDetailsTest.freeCarCheck(CarRegistrationDetailsTest.java:67)
... Removed 25 stack frames]]>
    </failure>
  </testcase> <!-- freeCarCheck -->
  <testcase name="validateCarCheckResults" time="0.0" classname="CarRegistrationDetailsTest">
    <skipped/>
  </testcase> <!-- validateCarCheckResults -->
</testsuite>
